<?xml version="1.0" encoding="UTF-8"?>
<testsuite xmlns:xsi="http://www.w3.org/2001/XMLSchema-instance" xsi:noNamespaceSchemaLocation="https://maven.apache.org/surefire/maven-surefire-plugin/xsd/surefire-test-report-3.0.xsd" version="3.0" name="jenkins.JenkinsTests" time="2.816" tests="1" errors="0" skipped="0" failures="1">
  <properties>
[...]
</properties>
  <testcase name="apiTest on apiTest(jenkins.JenkinsTests)" classname="jenkins.JenkinsTests" time="2.547">
    <failure message="1 expectation failed.&#10;JSON path Jim doesn&apos;t match.&#10;Expected: Jim&#10;  Actual: null&#10;" type="java.lang.AssertionError"><![CDATA[java.lang.AssertionError: 
1 expectation failed.
JSON path Jim doesn't match.
Expected: Jim
  Actual: null

	at jenkins.JenkinsTests.apiTest(JenkinsTests.java:53)
]]></failure>
    <system-out><![CDATA[{
    "firstname": "Jim",
    "lastname": "Ericsson",
    "totalprice": 270,
    "depositpaid": false,
    "bookingdates": {
        "checkin": "2017-07-06",
        "checkout": "2020-02-18"
    },
    "additionalneeds": "Breakfast"
}
{firstname=Jim, additionalneeds=Breakfast, bookingdates={checkin=2017-07-06, checkout=2020-02-18}, totalprice=270, depositpaid=false, lastname=Ericsson}
]]></system-out>
  </testcase>
</testsuite>